CRITICAL - 2021-01-27 01:23:41 --> Call to undefined method CodeIgniter\Router\RouteCollection::resources()
#0 /Users/faridtanjung/phpspace/smartjen-test/system/CodeIgniter.php(780): require()
#1 /Users/faridtanjung/phpspace/smartjen-test/system/CodeIgniter.php(364): CodeIgniter\CodeIgniter->tryToRouteIt(Object(CodeIgniter\Router\RouteCollection))
#2 /Users/faridtanjung/phpspace/smartjen-test/system/CodeIgniter.php(312): CodeIgniter\CodeIgniter->handleRequest(NULL, Object(Config\Cache), false)
#3 /Users/faridtanjung/phpspace/smartjen-test/public/index.php(45): CodeIgniter\CodeIgniter->run()
#4 /Users/faridtanjung/phpspace/smartjen-test/system/Commands/Server/rewrite.php(34): require_once('/Users/faridtan...')
#5 {main}
CRITICAL - 2021-01-27 01:32:24 --> Call to undefined method CodeIgniter\Router\RouteCollection::resources()
#0 /Users/faridtanjung/phpspace/smartjen-test/system/CodeIgniter.php(780): require()
#1 /Users/faridtanjung/phpspace/smartjen-test/system/CodeIgniter.php(364): CodeIgniter\CodeIgniter->tryToRouteIt(Object(CodeIgniter\Router\RouteCollection))
#2 /Users/faridtanjung/phpspace/smartjen-test/system/CodeIgniter.php(312): CodeIgniter\CodeIgniter->handleRequest(NULL, Object(Config\Cache), false)
#3 /Users/faridtanjung/phpspace/smartjen-test/public/index.php(45): CodeIgniter\CodeIgniter->run()
#4 /Users/faridtanjung/phpspace/smartjen-test/system/Commands/Server/rewrite.php(34): require_once('/Users/faridtan...')
#5 {main}
CRITICAL - 2021-01-27 01:33:10 --> Call to undefined method CodeIgniter\Router\RouteCollection::resources()
#0 /Users/faridtanjung/phpspace/smartjen-test/system/CodeIgniter.php(780): require()
#1 /Users/faridtanjung/phpspace/smartjen-test/system/CodeIgniter.php(364): CodeIgniter\CodeIgniter->tryToRouteIt(Object(CodeIgniter\Router\RouteCollection))
#2 /Users/faridtanjung/phpspace/smartjen-test/system/CodeIgniter.php(312): CodeIgniter\CodeIgniter->handleRequest(NULL, Object(Config\Cache), false)
#3 /Users/faridtanjung/phpspace/smartjen-test/public/index.php(45): CodeIgniter\CodeIgniter->run()
#4 /Users/faridtanjung/phpspace/smartjen-test/system/Commands/Server/rewrite.php(34): require_once('/Users/faridtan...')
#5 {main}
CRITICAL - 2021-01-27 01:33:48 --> Call to undefined method CodeIgniter\Router\RouteCollection::resources()
#0 /Users/faridtanjung/phpspace/smartjen-test/system/CodeIgniter.php(780): require()
#1 /Users/faridtanjung/phpspace/smartjen-test/system/CodeIgniter.php(364): CodeIgniter\CodeIgniter->tryToRouteIt(Object(CodeIgniter\Router\RouteCollection))
#2 /Users/faridtanjung/phpspace/smartjen-test/system/CodeIgniter.php(312): CodeIgniter\CodeIgniter->handleRequest(NULL, Object(Config\Cache), false)
#3 /Users/faridtanjung/phpspace/smartjen-test/public/index.php(45): CodeIgniter\CodeIgniter->run()
#4 /Users/faridtanjung/phpspace/smartjen-test/system/Commands/Server/rewrite.php(34): require_once('/Users/faridtan...')
#5 {main}
CRITICAL - 2021-01-27 01:33:54 --> Call to undefined method CodeIgniter\Router\RouteCollection::resources()
#0 /Users/faridtanjung/phpspace/smartjen-test/system/CodeIgniter.php(780): require()
#1 /Users/faridtanjung/phpspace/smartjen-test/system/CodeIgniter.php(364): CodeIgniter\CodeIgniter->tryToRouteIt(Object(CodeIgniter\Router\RouteCollection))
#2 /Users/faridtanjung/phpspace/smartjen-test/system/CodeIgniter.php(312): CodeIgniter\CodeIgniter->handleRequest(NULL, Object(Config\Cache), false)
#3 /Users/faridtanjung/phpspace/smartjen-test/system/CLI/Console.php(86): CodeIgniter\CodeIgniter->run()
#4 /Users/faridtanjung/phpspace/smartjen-test/spark(57): CodeIgniter\CLI\Console->run()
#5 {main}
CRITICAL - 2021-01-27 01:40:26 --> syntax error, unexpected ''honeypot'' (T_CONSTANT_ENCAPSED_STRING), expecting ']'
#0 /Users/faridtanjung/phpspace/smartjen-test/system/Autoloader/Autoloader.php(296): CodeIgniter\Autoloader\Autoloader->requireFile('/Users/faridtan...')
#1 /Users/faridtanjung/phpspace/smartjen-test/system/Autoloader/Autoloader.php(258): CodeIgniter\Autoloader\Autoloader->loadInNamespace('Config\\Filters')
#2 [internal function]: CodeIgniter\Autoloader\Autoloader->loadClass('Config\\Filters')
#3 /Users/faridtanjung/phpspace/smartjen-test/system/Config/Services.php(322): spl_autoload_call('Config\\Filters')
#4 /Users/faridtanjung/phpspace/smartjen-test/system/Config/BaseService.php(123): CodeIgniter\Config\Services::filters(NULL, false)
#5 /Users/faridtanjung/phpspace/smartjen-test/system/Config/Services.php(317): CodeIgniter\Config\BaseService::getSharedInstance('filters', NULL)
#6 /Users/faridtanjung/phpspace/smartjen-test/system/CodeIgniter.php(367): CodeIgniter\Config\Services::filters()
#7 /Users/faridtanjung/phpspace/smartjen-test/system/CodeIgniter.php(312): CodeIgniter\CodeIgniter->handleRequest(NULL, Object(Config\Cache), false)
#8 /Users/faridtanjung/phpspace/smartjen-test/system/CLI/Console.php(86): CodeIgniter\CodeIgniter->run()
#9 /Users/faridtanjung/phpspace/smartjen-test/spark(57): CodeIgniter\CLI\Console->run()
#10 {main}
CRITICAL - 2021-01-27 02:04:34 --> Cannot call constructor
#0 /Users/faridtanjung/phpspace/smartjen-test/system/CodeIgniter.php(890): App\Controllers\Tests->__construct()
#1 /Users/faridtanjung/phpspace/smartjen-test/system/CodeIgniter.php(399): CodeIgniter\CodeIgniter->createController()
#2 /Users/faridtanjung/phpspace/smartjen-test/system/CodeIgniter.php(312): CodeIgniter\CodeIgniter->handleRequest(NULL, Object(Config\Cache), false)
#3 /Users/faridtanjung/phpspace/smartjen-test/public/index.php(45): CodeIgniter\CodeIgniter->run()
#4 /Users/faridtanjung/phpspace/smartjen-test/system/Commands/Server/rewrite.php(34): require_once('/Users/faridtan...')
#5 {main}
CRITICAL - 2021-01-27 02:07:15 --> Class 'App\Controllers\Datatest' not found
#0 /Users/faridtanjung/phpspace/smartjen-test/system/CodeIgniter.php(918): App\Controllers\Tests->index()
#1 /Users/faridtanjung/phpspace/smartjen-test/system/CodeIgniter.php(404): CodeIgniter\CodeIgniter->runController(Object(App\Controllers\Tests))
#2 /Users/faridtanjung/phpspace/smartjen-test/system/CodeIgniter.php(312): CodeIgniter\CodeIgniter->handleRequest(NULL, Object(Config\Cache), false)
#3 /Users/faridtanjung/phpspace/smartjen-test/public/index.php(45): CodeIgniter\CodeIgniter->run()
#4 /Users/faridtanjung/phpspace/smartjen-test/system/Commands/Server/rewrite.php(34): require_once('/Users/faridtan...')
#5 {main}
