CRITICAL - 2021-02-09 00:17:12 --> The action you requested is not allowed.
#0 /Users/faridtanjung/phpspace/smartjen-test/system/Security/Security.php(233): CodeIgniter\Security\Exceptions\SecurityException::forDisallowedAction()
#1 /Users/faridtanjung/phpspace/smartjen-test/system/Filters/CSRF.php(88): CodeIgniter\Security\Security->CSRFVerify(Object(CodeIgniter\HTTP\IncomingRequest))
#2 /Users/faridtanjung/phpspace/smartjen-test/system/Filters/Filters.php(173): CodeIgniter\Filters\CSRF->before(Object(CodeIgniter\HTTP\IncomingRequest), NULL)
#3 /Users/faridtanjung/phpspace/smartjen-test/system/CodeIgniter.php(382): CodeIgniter\Filters\Filters->run('api/file/extrac...', 'before')
#4 /Users/faridtanjung/phpspace/smartjen-test/system/CodeIgniter.php(312): CodeIgniter\CodeIgniter->handleRequest(NULL, Object(Config\Cache), false)
#5 /Users/faridtanjung/phpspace/smartjen-test/public/index.php(45): CodeIgniter\CodeIgniter->run()
#6 /Users/faridtanjung/phpspace/smartjen-test/system/Commands/Server/rewrite.php(34): require_once('/Users/faridtan...')
#7 {main}
CRITICAL - 2021-02-09 00:17:57 --> The action you requested is not allowed.
#0 /Users/faridtanjung/phpspace/smartjen-test/system/Security/Security.php(233): CodeIgniter\Security\Exceptions\SecurityException::forDisallowedAction()
#1 /Users/faridtanjung/phpspace/smartjen-test/system/Filters/CSRF.php(88): CodeIgniter\Security\Security->CSRFVerify(Object(CodeIgniter\HTTP\IncomingRequest))
#2 /Users/faridtanjung/phpspace/smartjen-test/system/Filters/Filters.php(173): CodeIgniter\Filters\CSRF->before(Object(CodeIgniter\HTTP\IncomingRequest), NULL)
#3 /Users/faridtanjung/phpspace/smartjen-test/system/CodeIgniter.php(382): CodeIgniter\Filters\Filters->run('api/file/extrac...', 'before')
#4 /Users/faridtanjung/phpspace/smartjen-test/system/CodeIgniter.php(312): CodeIgniter\CodeIgniter->handleRequest(NULL, Object(Config\Cache), false)
#5 /Users/faridtanjung/phpspace/smartjen-test/public/index.php(45): CodeIgniter\CodeIgniter->run()
#6 /Users/faridtanjung/phpspace/smartjen-test/system/Commands/Server/rewrite.php(34): require_once('/Users/faridtan...')
#7 {main}
CRITICAL - 2021-02-09 00:19:32 --> Argument 2 passed to CodeIgniter\Router\RouteCollection::resource() must be of the type array or null, string given, called in /Users/faridtanjung/phpspace/smartjen-test/app/Config/Routes.php on line 41
#0 /Users/faridtanjung/phpspace/smartjen-test/app/Config/Routes.php(41): CodeIgniter\Router\RouteCollection->resource('api/file/extrac...', 'file')
#1 /Users/faridtanjung/phpspace/smartjen-test/system/CodeIgniter.php(780): require('/Users/faridtan...')
#2 /Users/faridtanjung/phpspace/smartjen-test/system/CodeIgniter.php(364): CodeIgniter\CodeIgniter->tryToRouteIt(Object(CodeIgniter\Router\RouteCollection))
#3 /Users/faridtanjung/phpspace/smartjen-test/system/CodeIgniter.php(312): CodeIgniter\CodeIgniter->handleRequest(NULL, Object(Config\Cache), false)
#4 /Users/faridtanjung/phpspace/smartjen-test/public/index.php(45): CodeIgniter\CodeIgniter->run()
#5 /Users/faridtanjung/phpspace/smartjen-test/system/Commands/Server/rewrite.php(34): require_once('/Users/faridtan...')
#6 {main}
CRITICAL - 2021-02-09 00:20:14 --> The action you requested is not allowed.
#0 /Users/faridtanjung/phpspace/smartjen-test/system/Security/Security.php(233): CodeIgniter\Security\Exceptions\SecurityException::forDisallowedAction()
#1 /Users/faridtanjung/phpspace/smartjen-test/system/Filters/CSRF.php(88): CodeIgniter\Security\Security->CSRFVerify(Object(CodeIgniter\HTTP\IncomingRequest))
#2 /Users/faridtanjung/phpspace/smartjen-test/system/Filters/Filters.php(173): CodeIgniter\Filters\CSRF->before(Object(CodeIgniter\HTTP\IncomingRequest), NULL)
#3 /Users/faridtanjung/phpspace/smartjen-test/system/CodeIgniter.php(382): CodeIgniter\Filters\Filters->run('api/file/extrac...', 'before')
#4 /Users/faridtanjung/phpspace/smartjen-test/system/CodeIgniter.php(312): CodeIgniter\CodeIgniter->handleRequest(NULL, Object(Config\Cache), false)
#5 /Users/faridtanjung/phpspace/smartjen-test/public/index.php(45): CodeIgniter\CodeIgniter->run()
#6 /Users/faridtanjung/phpspace/smartjen-test/system/Commands/Server/rewrite.php(34): require_once('/Users/faridtan...')
#7 {main}
CRITICAL - 2021-02-09 00:20:42 --> The action you requested is not allowed.
#0 /Users/faridtanjung/phpspace/smartjen-test/system/Security/Security.php(233): CodeIgniter\Security\Exceptions\SecurityException::forDisallowedAction()
#1 /Users/faridtanjung/phpspace/smartjen-test/system/Filters/CSRF.php(88): CodeIgniter\Security\Security->CSRFVerify(Object(CodeIgniter\HTTP\IncomingRequest))
#2 /Users/faridtanjung/phpspace/smartjen-test/system/Filters/Filters.php(173): CodeIgniter\Filters\CSRF->before(Object(CodeIgniter\HTTP\IncomingRequest), NULL)
#3 /Users/faridtanjung/phpspace/smartjen-test/system/CodeIgniter.php(382): CodeIgniter\Filters\Filters->run('api/file/extrac...', 'before')
#4 /Users/faridtanjung/phpspace/smartjen-test/system/CodeIgniter.php(312): CodeIgniter\CodeIgniter->handleRequest(NULL, Object(Config\Cache), false)
#5 /Users/faridtanjung/phpspace/smartjen-test/public/index.php(45): CodeIgniter\CodeIgniter->run()
#6 /Users/faridtanjung/phpspace/smartjen-test/system/Commands/Server/rewrite.php(34): require_once('/Users/faridtan...')
#7 {main}
CRITICAL - 2021-02-09 00:21:06 --> The action you requested is not allowed.
#0 /Users/faridtanjung/phpspace/smartjen-test/system/Security/Security.php(233): CodeIgniter\Security\Exceptions\SecurityException::forDisallowedAction()
#1 /Users/faridtanjung/phpspace/smartjen-test/system/Filters/CSRF.php(88): CodeIgniter\Security\Security->CSRFVerify(Object(CodeIgniter\HTTP\IncomingRequest))
#2 /Users/faridtanjung/phpspace/smartjen-test/system/Filters/Filters.php(173): CodeIgniter\Filters\CSRF->before(Object(CodeIgniter\HTTP\IncomingRequest), NULL)
#3 /Users/faridtanjung/phpspace/smartjen-test/system/CodeIgniter.php(382): CodeIgniter\Filters\Filters->run('api/file/extrac...', 'before')
#4 /Users/faridtanjung/phpspace/smartjen-test/system/CodeIgniter.php(312): CodeIgniter\CodeIgniter->handleRequest(NULL, Object(Config\Cache), false)
#5 /Users/faridtanjung/phpspace/smartjen-test/public/index.php(45): CodeIgniter\CodeIgniter->run()
#6 /Users/faridtanjung/phpspace/smartjen-test/system/Commands/Server/rewrite.php(34): require_once('/Users/faridtan...')
#7 {main}
CRITICAL - 2021-02-09 00:21:08 --> The action you requested is not allowed.
#0 /Users/faridtanjung/phpspace/smartjen-test/system/Security/Security.php(233): CodeIgniter\Security\Exceptions\SecurityException::forDisallowedAction()
#1 /Users/faridtanjung/phpspace/smartjen-test/system/Filters/CSRF.php(88): CodeIgniter\Security\Security->CSRFVerify(Object(CodeIgniter\HTTP\IncomingRequest))
#2 /Users/faridtanjung/phpspace/smartjen-test/system/Filters/Filters.php(173): CodeIgniter\Filters\CSRF->before(Object(CodeIgniter\HTTP\IncomingRequest), NULL)
#3 /Users/faridtanjung/phpspace/smartjen-test/system/CodeIgniter.php(382): CodeIgniter\Filters\Filters->run('api/file/extrac...', 'before')
#4 /Users/faridtanjung/phpspace/smartjen-test/system/CodeIgniter.php(312): CodeIgniter\CodeIgniter->handleRequest(NULL, Object(Config\Cache), false)
#5 /Users/faridtanjung/phpspace/smartjen-test/public/index.php(45): CodeIgniter\CodeIgniter->run()
#6 /Users/faridtanjung/phpspace/smartjen-test/system/Commands/Server/rewrite.php(34): require_once('/Users/faridtan...')
#7 {main}
CRITICAL - 2021-02-09 00:21:10 --> The action you requested is not allowed.
#0 /Users/faridtanjung/phpspace/smartjen-test/system/Security/Security.php(233): CodeIgniter\Security\Exceptions\SecurityException::forDisallowedAction()
#1 /Users/faridtanjung/phpspace/smartjen-test/system/Filters/CSRF.php(88): CodeIgniter\Security\Security->CSRFVerify(Object(CodeIgniter\HTTP\IncomingRequest))
#2 /Users/faridtanjung/phpspace/smartjen-test/system/Filters/Filters.php(173): CodeIgniter\Filters\CSRF->before(Object(CodeIgniter\HTTP\IncomingRequest), NULL)
#3 /Users/faridtanjung/phpspace/smartjen-test/system/CodeIgniter.php(382): CodeIgniter\Filters\Filters->run('api/file/extrac...', 'before')
#4 /Users/faridtanjung/phpspace/smartjen-test/system/CodeIgniter.php(312): CodeIgniter\CodeIgniter->handleRequest(NULL, Object(Config\Cache), false)
#5 /Users/faridtanjung/phpspace/smartjen-test/public/index.php(45): CodeIgniter\CodeIgniter->run()
#6 /Users/faridtanjung/phpspace/smartjen-test/system/Commands/Server/rewrite.php(34): require_once('/Users/faridtan...')
#7 {main}
CRITICAL - 2021-02-09 00:21:40 --> The action you requested is not allowed.
#0 /Users/faridtanjung/phpspace/smartjen-test/system/Security/Security.php(233): CodeIgniter\Security\Exceptions\SecurityException::forDisallowedAction()
#1 /Users/faridtanjung/phpspace/smartjen-test/system/Filters/CSRF.php(88): CodeIgniter\Security\Security->CSRFVerify(Object(CodeIgniter\HTTP\IncomingRequest))
#2 /Users/faridtanjung/phpspace/smartjen-test/system/Filters/Filters.php(173): CodeIgniter\Filters\CSRF->before(Object(CodeIgniter\HTTP\IncomingRequest), NULL)
#3 /Users/faridtanjung/phpspace/smartjen-test/system/CodeIgniter.php(382): CodeIgniter\Filters\Filters->run('api/file/extrac...', 'before')
#4 /Users/faridtanjung/phpspace/smartjen-test/system/CodeIgniter.php(312): CodeIgniter\CodeIgniter->handleRequest(NULL, Object(Config\Cache), false)
#5 /Users/faridtanjung/phpspace/smartjen-test/public/index.php(45): CodeIgniter\CodeIgniter->run()
#6 /Users/faridtanjung/phpspace/smartjen-test/system/Commands/Server/rewrite.php(34): require_once('/Users/faridtan...')
#7 {main}
CRITICAL - 2021-02-09 00:21:50 --> The action you requested is not allowed.
#0 /Users/faridtanjung/phpspace/smartjen-test/system/Security/Security.php(233): CodeIgniter\Security\Exceptions\SecurityException::forDisallowedAction()
#1 /Users/faridtanjung/phpspace/smartjen-test/system/Filters/CSRF.php(88): CodeIgniter\Security\Security->CSRFVerify(Object(CodeIgniter\HTTP\IncomingRequest))
#2 /Users/faridtanjung/phpspace/smartjen-test/system/Filters/Filters.php(173): CodeIgniter\Filters\CSRF->before(Object(CodeIgniter\HTTP\IncomingRequest), NULL)
#3 /Users/faridtanjung/phpspace/smartjen-test/system/CodeIgniter.php(382): CodeIgniter\Filters\Filters->run('api/file/extrac...', 'before')
#4 /Users/faridtanjung/phpspace/smartjen-test/system/CodeIgniter.php(312): CodeIgniter\CodeIgniter->handleRequest(NULL, Object(Config\Cache), false)
#5 /Users/faridtanjung/phpspace/smartjen-test/public/index.php(45): CodeIgniter\CodeIgniter->run()
#6 /Users/faridtanjung/phpspace/smartjen-test/system/Commands/Server/rewrite.php(34): require_once('/Users/faridtan...')
#7 {main}
CRITICAL - 2021-02-09 00:22:00 --> The action you requested is not allowed.
#0 /Users/faridtanjung/phpspace/smartjen-test/system/Security/Security.php(233): CodeIgniter\Security\Exceptions\SecurityException::forDisallowedAction()
#1 /Users/faridtanjung/phpspace/smartjen-test/system/Filters/CSRF.php(88): CodeIgniter\Security\Security->CSRFVerify(Object(CodeIgniter\HTTP\IncomingRequest))
#2 /Users/faridtanjung/phpspace/smartjen-test/system/Filters/Filters.php(173): CodeIgniter\Filters\CSRF->before(Object(CodeIgniter\HTTP\IncomingRequest), NULL)
#3 /Users/faridtanjung/phpspace/smartjen-test/system/CodeIgniter.php(382): CodeIgniter\Filters\Filters->run('api/file/extrac...', 'before')
#4 /Users/faridtanjung/phpspace/smartjen-test/system/CodeIgniter.php(312): CodeIgniter\CodeIgniter->handleRequest(NULL, Object(Config\Cache), false)
#5 /Users/faridtanjung/phpspace/smartjen-test/public/index.php(45): CodeIgniter\CodeIgniter->run()
#6 /Users/faridtanjung/phpspace/smartjen-test/system/Commands/Server/rewrite.php(34): require_once('/Users/faridtan...')
#7 {main}
CRITICAL - 2021-02-09 00:22:02 --> The action you requested is not allowed.
#0 /Users/faridtanjung/phpspace/smartjen-test/system/Security/Security.php(233): CodeIgniter\Security\Exceptions\SecurityException::forDisallowedAction()
#1 /Users/faridtanjung/phpspace/smartjen-test/system/Filters/CSRF.php(88): CodeIgniter\Security\Security->CSRFVerify(Object(CodeIgniter\HTTP\IncomingRequest))
#2 /Users/faridtanjung/phpspace/smartjen-test/system/Filters/Filters.php(173): CodeIgniter\Filters\CSRF->before(Object(CodeIgniter\HTTP\IncomingRequest), NULL)
#3 /Users/faridtanjung/phpspace/smartjen-test/system/CodeIgniter.php(382): CodeIgniter\Filters\Filters->run('api/file/extrac...', 'before')
#4 /Users/faridtanjung/phpspace/smartjen-test/system/CodeIgniter.php(312): CodeIgniter\CodeIgniter->handleRequest(NULL, Object(Config\Cache), false)
#5 /Users/faridtanjung/phpspace/smartjen-test/public/index.php(45): CodeIgniter\CodeIgniter->run()
#6 /Users/faridtanjung/phpspace/smartjen-test/system/Commands/Server/rewrite.php(34): require_once('/Users/faridtan...')
#7 {main}
CRITICAL - 2021-02-09 00:23:21 --> strpos() expects parameter 1 to be string, array given
#0 [internal function]: CodeIgniter\Debug\Exceptions->errorHandler(2, 'strpos() expect...', '/Users/faridtan...', 473, Array)
#1 /Users/faridtanjung/phpspace/smartjen-test/system/Router/Router.php(473): strpos(Array, '$')
#2 /Users/faridtanjung/phpspace/smartjen-test/system/Router/Router.php(177): CodeIgniter\Router\Router->checkRoutes('api/file/extrac...')
#3 /Users/faridtanjung/phpspace/smartjen-test/system/CodeIgniter.php(793): CodeIgniter\Router\Router->handle('api/file/extrac...')
#4 /Users/faridtanjung/phpspace/smartjen-test/system/CodeIgniter.php(364): CodeIgniter\CodeIgniter->tryToRouteIt(Object(CodeIgniter\Router\RouteCollection))
#5 /Users/faridtanjung/phpspace/smartjen-test/system/CodeIgniter.php(312): CodeIgniter\CodeIgniter->handleRequest(NULL, Object(Config\Cache), false)
#6 /Users/faridtanjung/phpspace/smartjen-test/public/index.php(45): CodeIgniter\CodeIgniter->run()
#7 /Users/faridtanjung/phpspace/smartjen-test/system/Commands/Server/rewrite.php(34): require_once('/Users/faridtan...')
#8 {main}
CRITICAL - 2021-02-09 00:23:36 --> strpos() expects parameter 1 to be string, array given
#0 [internal function]: CodeIgniter\Debug\Exceptions->errorHandler(2, 'strpos() expect...', '/Users/faridtan...', 473, Array)
#1 /Users/faridtanjung/phpspace/smartjen-test/system/Router/Router.php(473): strpos(Array, '$')
#2 /Users/faridtanjung/phpspace/smartjen-test/system/Router/Router.php(177): CodeIgniter\Router\Router->checkRoutes('api/file/extrac...')
#3 /Users/faridtanjung/phpspace/smartjen-test/system/CodeIgniter.php(793): CodeIgniter\Router\Router->handle('api/file/extrac...')
#4 /Users/faridtanjung/phpspace/smartjen-test/system/CodeIgniter.php(364): CodeIgniter\CodeIgniter->tryToRouteIt(Object(CodeIgniter\Router\RouteCollection))
#5 /Users/faridtanjung/phpspace/smartjen-test/system/CodeIgniter.php(312): CodeIgniter\CodeIgniter->handleRequest(NULL, Object(Config\Cache), false)
#6 /Users/faridtanjung/phpspace/smartjen-test/public/index.php(45): CodeIgniter\CodeIgniter->run()
#7 /Users/faridtanjung/phpspace/smartjen-test/system/Commands/Server/rewrite.php(34): require_once('/Users/faridtan...')
#8 {main}
CRITICAL - 2021-02-09 00:23:52 --> strpos() expects parameter 1 to be string, array given
#0 [internal function]: CodeIgniter\Debug\Exceptions->errorHandler(2, 'strpos() expect...', '/Users/faridtan...', 473, Array)
#1 /Users/faridtanjung/phpspace/smartjen-test/system/Router/Router.php(473): strpos(Array, '$')
#2 /Users/faridtanjung/phpspace/smartjen-test/system/Router/Router.php(177): CodeIgniter\Router\Router->checkRoutes('api/file/extrac...')
#3 /Users/faridtanjung/phpspace/smartjen-test/system/CodeIgniter.php(793): CodeIgniter\Router\Router->handle('api/file/extrac...')
#4 /Users/faridtanjung/phpspace/smartjen-test/system/CodeIgniter.php(364): CodeIgniter\CodeIgniter->tryToRouteIt(Object(CodeIgniter\Router\RouteCollection))
#5 /Users/faridtanjung/phpspace/smartjen-test/system/CodeIgniter.php(312): CodeIgniter\CodeIgniter->handleRequest(NULL, Object(Config\Cache), false)
#6 /Users/faridtanjung/phpspace/smartjen-test/public/index.php(45): CodeIgniter\CodeIgniter->run()
#7 /Users/faridtanjung/phpspace/smartjen-test/system/Commands/Server/rewrite.php(34): require_once('/Users/faridtan...')
#8 {main}
CRITICAL - 2021-02-09 00:26:26 --> The action you requested is not allowed.
#0 /Users/faridtanjung/phpspace/smartjen-test/system/Security/Security.php(233): CodeIgniter\Security\Exceptions\SecurityException::forDisallowedAction()
#1 /Users/faridtanjung/phpspace/smartjen-test/system/Filters/CSRF.php(88): CodeIgniter\Security\Security->CSRFVerify(Object(CodeIgniter\HTTP\IncomingRequest))
#2 /Users/faridtanjung/phpspace/smartjen-test/system/Filters/Filters.php(173): CodeIgniter\Filters\CSRF->before(Object(CodeIgniter\HTTP\IncomingRequest), NULL)
#3 /Users/faridtanjung/phpspace/smartjen-test/system/CodeIgniter.php(382): CodeIgniter\Filters\Filters->run('api/file/extrac...', 'before')
#4 /Users/faridtanjung/phpspace/smartjen-test/system/CodeIgniter.php(312): CodeIgniter\CodeIgniter->handleRequest(NULL, Object(Config\Cache), false)
#5 /Users/faridtanjung/phpspace/smartjen-test/public/index.php(45): CodeIgniter\CodeIgniter->run()
#6 /Users/faridtanjung/phpspace/smartjen-test/system/Commands/Server/rewrite.php(34): require_once('/Users/faridtan...')
#7 {main}
CRITICAL - 2021-02-09 00:29:55 --> Class 'App\Controllers\ResourceController' not found
#0 /Users/faridtanjung/phpspace/smartjen-test/system/Autoloader/Autoloader.php(365): require_once()
#1 /Users/faridtanjung/phpspace/smartjen-test/system/Autoloader/Autoloader.php(296): CodeIgniter\Autoloader\Autoloader->requireFile('/Users/faridtan...')
#2 /Users/faridtanjung/phpspace/smartjen-test/system/Autoloader/Autoloader.php(258): CodeIgniter\Autoloader\Autoloader->loadInNamespace('App\\Controllers...')
#3 [internal function]: CodeIgniter\Autoloader\Autoloader->loadClass('App\\Controllers...')
#4 [internal function]: spl_autoload_call('App\\Controllers...')
#5 /Users/faridtanjung/phpspace/smartjen-test/system/CodeIgniter.php(869): class_exists('\\App\\Controller...', true)
#6 /Users/faridtanjung/phpspace/smartjen-test/system/CodeIgniter.php(394): CodeIgniter\CodeIgniter->startController()
#7 /Users/faridtanjung/phpspace/smartjen-test/system/CodeIgniter.php(312): CodeIgniter\CodeIgniter->handleRequest(NULL, Object(Config\Cache), false)
#8 /Users/faridtanjung/phpspace/smartjen-test/public/index.php(45): CodeIgniter\CodeIgniter->run()
#9 /Users/faridtanjung/phpspace/smartjen-test/system/Commands/Server/rewrite.php(34): require_once('/Users/faridtan...')
#10 {main}
CRITICAL - 2021-02-09 00:32:15 --> The action you requested is not allowed.
#0 /Users/faridtanjung/phpspace/smartjen-test/system/Security/Security.php(233): CodeIgniter\Security\Exceptions\SecurityException::forDisallowedAction()
#1 /Users/faridtanjung/phpspace/smartjen-test/system/Filters/CSRF.php(88): CodeIgniter\Security\Security->CSRFVerify(Object(CodeIgniter\HTTP\IncomingRequest))
#2 /Users/faridtanjung/phpspace/smartjen-test/system/Filters/Filters.php(173): CodeIgniter\Filters\CSRF->before(Object(CodeIgniter\HTTP\IncomingRequest), NULL)
#3 /Users/faridtanjung/phpspace/smartjen-test/system/CodeIgniter.php(382): CodeIgniter\Filters\Filters->run('api/file/extrac...', 'before')
#4 /Users/faridtanjung/phpspace/smartjen-test/system/CodeIgniter.php(312): CodeIgniter\CodeIgniter->handleRequest(NULL, Object(Config\Cache), false)
#5 /Users/faridtanjung/phpspace/smartjen-test/public/index.php(45): CodeIgniter\CodeIgniter->run()
#6 /Users/faridtanjung/phpspace/smartjen-test/system/Commands/Server/rewrite.php(34): require_once('/Users/faridtan...')
#7 {main}
CRITICAL - 2021-02-09 00:34:16 --> The action you requested is not allowed.
#0 /Users/faridtanjung/phpspace/smartjen-test/system/Security/Security.php(233): CodeIgniter\Security\Exceptions\SecurityException::forDisallowedAction()
#1 /Users/faridtanjung/phpspace/smartjen-test/system/Filters/CSRF.php(88): CodeIgniter\Security\Security->CSRFVerify(Object(CodeIgniter\HTTP\IncomingRequest))
#2 /Users/faridtanjung/phpspace/smartjen-test/system/Filters/Filters.php(173): CodeIgniter\Filters\CSRF->before(Object(CodeIgniter\HTTP\IncomingRequest), NULL)
#3 /Users/faridtanjung/phpspace/smartjen-test/system/CodeIgniter.php(382): CodeIgniter\Filters\Filters->run('api/file/extrac...', 'before')
#4 /Users/faridtanjung/phpspace/smartjen-test/system/CodeIgniter.php(312): CodeIgniter\CodeIgniter->handleRequest(NULL, Object(Config\Cache), false)
#5 /Users/faridtanjung/phpspace/smartjen-test/public/index.php(45): CodeIgniter\CodeIgniter->run()
#6 /Users/faridtanjung/phpspace/smartjen-test/system/Commands/Server/rewrite.php(34): require_once('/Users/faridtan...')
#7 {main}
CRITICAL - 2021-02-09 00:39:22 --> strpos() expects parameter 1 to be string, array given
#0 [internal function]: CodeIgniter\Debug\Exceptions->errorHandler(2, 'strpos() expect...', '/Users/faridtan...', 473, Array)
#1 /Users/faridtanjung/phpspace/smartjen-test/system/Router/Router.php(473): strpos(Array, '$')
#2 /Users/faridtanjung/phpspace/smartjen-test/system/Router/Router.php(177): CodeIgniter\Router\Router->checkRoutes('file/extract')
#3 /Users/faridtanjung/phpspace/smartjen-test/system/CodeIgniter.php(793): CodeIgniter\Router\Router->handle('file/extract')
#4 /Users/faridtanjung/phpspace/smartjen-test/system/CodeIgniter.php(364): CodeIgniter\CodeIgniter->tryToRouteIt(Object(CodeIgniter\Router\RouteCollection))
#5 /Users/faridtanjung/phpspace/smartjen-test/system/CodeIgniter.php(312): CodeIgniter\CodeIgniter->handleRequest(NULL, Object(Config\Cache), false)
#6 /Users/faridtanjung/phpspace/smartjen-test/public/index.php(45): CodeIgniter\CodeIgniter->run()
#7 /Users/faridtanjung/phpspace/smartjen-test/system/Commands/Server/rewrite.php(34): require_once('/Users/faridtan...')
#8 {main}
CRITICAL - 2021-02-09 00:40:15 --> strpos() expects parameter 1 to be string, array given
#0 [internal function]: CodeIgniter\Debug\Exceptions->errorHandler(2, 'strpos() expect...', '/Users/faridtan...', 473, Array)
#1 /Users/faridtanjung/phpspace/smartjen-test/system/Router/Router.php(473): strpos(Array, '$')
#2 /Users/faridtanjung/phpspace/smartjen-test/system/Router/Router.php(177): CodeIgniter\Router\Router->checkRoutes('file/extract')
#3 /Users/faridtanjung/phpspace/smartjen-test/system/CodeIgniter.php(793): CodeIgniter\Router\Router->handle('file/extract')
#4 /Users/faridtanjung/phpspace/smartjen-test/system/CodeIgniter.php(364): CodeIgniter\CodeIgniter->tryToRouteIt(Object(CodeIgniter\Router\RouteCollection))
#5 /Users/faridtanjung/phpspace/smartjen-test/system/CodeIgniter.php(312): CodeIgniter\CodeIgniter->handleRequest(NULL, Object(Config\Cache), false)
#6 /Users/faridtanjung/phpspace/smartjen-test/public/index.php(45): CodeIgniter\CodeIgniter->run()
#7 /Users/faridtanjung/phpspace/smartjen-test/system/Commands/Server/rewrite.php(34): require_once('/Users/faridtan...')
#8 {main}
CRITICAL - 2021-02-09 00:41:52 --> strpos() expects parameter 1 to be string, array given
#0 [internal function]: CodeIgniter\Debug\Exceptions->errorHandler(2, 'strpos() expect...', '/Users/faridtan...', 473, Array)
#1 /Users/faridtanjung/phpspace/smartjen-test/system/Router/Router.php(473): strpos(Array, '$')
#2 /Users/faridtanjung/phpspace/smartjen-test/system/Router/Router.php(177): CodeIgniter\Router\Router->checkRoutes('file/extract')
#3 /Users/faridtanjung/phpspace/smartjen-test/system/CodeIgniter.php(793): CodeIgniter\Router\Router->handle('file/extract')
#4 /Users/faridtanjung/phpspace/smartjen-test/system/CodeIgniter.php(364): CodeIgniter\CodeIgniter->tryToRouteIt(Object(CodeIgniter\Router\RouteCollection))
#5 /Users/faridtanjung/phpspace/smartjen-test/system/CodeIgniter.php(312): CodeIgniter\CodeIgniter->handleRequest(NULL, Object(Config\Cache), false)
#6 /Users/faridtanjung/phpspace/smartjen-test/public/index.php(45): CodeIgniter\CodeIgniter->run()
#7 /Users/faridtanjung/phpspace/smartjen-test/system/Commands/Server/rewrite.php(34): require_once('/Users/faridtan...')
#8 {main}
CRITICAL - 2021-02-09 00:42:28 --> strpos() expects parameter 1 to be string, array given
#0 [internal function]: CodeIgniter\Debug\Exceptions->errorHandler(2, 'strpos() expect...', '/Users/faridtan...', 473, Array)
#1 /Users/faridtanjung/phpspace/smartjen-test/system/Router/Router.php(473): strpos(Array, '$')
#2 /Users/faridtanjung/phpspace/smartjen-test/system/Router/Router.php(177): CodeIgniter\Router\Router->checkRoutes('file/extract')
#3 /Users/faridtanjung/phpspace/smartjen-test/system/CodeIgniter.php(793): CodeIgniter\Router\Router->handle('file/extract')
#4 /Users/faridtanjung/phpspace/smartjen-test/system/CodeIgniter.php(364): CodeIgniter\CodeIgniter->tryToRouteIt(Object(CodeIgniter\Router\RouteCollection))
#5 /Users/faridtanjung/phpspace/smartjen-test/system/CodeIgniter.php(312): CodeIgniter\CodeIgniter->handleRequest(NULL, Object(Config\Cache), false)
#6 /Users/faridtanjung/phpspace/smartjen-test/public/index.php(45): CodeIgniter\CodeIgniter->run()
#7 /Users/faridtanjung/phpspace/smartjen-test/system/Commands/Server/rewrite.php(34): require_once('/Users/faridtan...')
#8 {main}
CRITICAL - 2021-02-09 00:42:48 --> strpos() expects parameter 1 to be string, array given
#0 [internal function]: CodeIgniter\Debug\Exceptions->errorHandler(2, 'strpos() expect...', '/Users/faridtan...', 473, Array)
#1 /Users/faridtanjung/phpspace/smartjen-test/system/Router/Router.php(473): strpos(Array, '$')
#2 /Users/faridtanjung/phpspace/smartjen-test/system/Router/Router.php(177): CodeIgniter\Router\Router->checkRoutes('file/extract')
#3 /Users/faridtanjung/phpspace/smartjen-test/system/CodeIgniter.php(793): CodeIgniter\Router\Router->handle('file/extract')
#4 /Users/faridtanjung/phpspace/smartjen-test/system/CodeIgniter.php(364): CodeIgniter\CodeIgniter->tryToRouteIt(Object(CodeIgniter\Router\RouteCollection))
#5 /Users/faridtanjung/phpspace/smartjen-test/system/CodeIgniter.php(312): CodeIgniter\CodeIgniter->handleRequest(NULL, Object(Config\Cache), false)
#6 /Users/faridtanjung/phpspace/smartjen-test/public/index.php(45): CodeIgniter\CodeIgniter->run()
#7 /Users/faridtanjung/phpspace/smartjen-test/system/Commands/Server/rewrite.php(34): require_once('/Users/faridtan...')
#8 {main}
CRITICAL - 2021-02-09 00:43:30 --> strpos() expects parameter 1 to be string, array given
#0 [internal function]: CodeIgniter\Debug\Exceptions->errorHandler(2, 'strpos() expect...', '/Users/faridtan...', 473, Array)
#1 /Users/faridtanjung/phpspace/smartjen-test/system/Router/Router.php(473): strpos(Array, '$')
#2 /Users/faridtanjung/phpspace/smartjen-test/system/Router/Router.php(177): CodeIgniter\Router\Router->checkRoutes('file/extract')
#3 /Users/faridtanjung/phpspace/smartjen-test/system/CodeIgniter.php(793): CodeIgniter\Router\Router->handle('file/extract')
#4 /Users/faridtanjung/phpspace/smartjen-test/system/CodeIgniter.php(364): CodeIgniter\CodeIgniter->tryToRouteIt(Object(CodeIgniter\Router\RouteCollection))
#5 /Users/faridtanjung/phpspace/smartjen-test/system/CodeIgniter.php(312): CodeIgniter\CodeIgniter->handleRequest(NULL, Object(Config\Cache), false)
#6 /Users/faridtanjung/phpspace/smartjen-test/public/index.php(45): CodeIgniter\CodeIgniter->run()
#7 /Users/faridtanjung/phpspace/smartjen-test/system/Commands/Server/rewrite.php(34): require_once('/Users/faridtan...')
#8 {main}
CRITICAL - 2021-02-09 00:51:11 --> Argument 2 passed to CodeIgniter\Router\RouteCollection::resource() must be of the type array or null, string given, called in /Users/faridtanjung/phpspace/smartjen-test/app/Config/Routes.php on line 43
#0 /Users/faridtanjung/phpspace/smartjen-test/app/Config/Routes.php(43): CodeIgniter\Router\RouteCollection->resource('file', 'File')
#1 /Users/faridtanjung/phpspace/smartjen-test/system/Router/RouteCollection.php(751): CodeIgniter\CodeIgniter->Config\{closure}(Object(CodeIgniter\Router\RouteCollection))
#2 /Users/faridtanjung/phpspace/smartjen-test/app/Config/Routes.php(44): CodeIgniter\Router\RouteCollection->group('api', Object(Closure))
#3 /Users/faridtanjung/phpspace/smartjen-test/system/CodeIgniter.php(780): require('/Users/faridtan...')
#4 /Users/faridtanjung/phpspace/smartjen-test/system/CodeIgniter.php(364): CodeIgniter\CodeIgniter->tryToRouteIt(Object(CodeIgniter\Router\RouteCollection))
#5 /Users/faridtanjung/phpspace/smartjen-test/system/CodeIgniter.php(312): CodeIgniter\CodeIgniter->handleRequest(NULL, Object(Config\Cache), false)
#6 /Users/faridtanjung/phpspace/smartjen-test/public/index.php(45): CodeIgniter\CodeIgniter->run()
#7 /Users/faridtanjung/phpspace/smartjen-test/system/Commands/Server/rewrite.php(34): require_once('/Users/faridtan...')
#8 {main}
CRITICAL - 2021-02-09 01:00:52 --> Argument 2 passed to CodeIgniter\Router\RouteCollection::resource() must be of the type array or null, string given, called in /Users/faridtanjung/phpspace/smartjen-test/app/Config/Routes.php on line 43
#0 /Users/faridtanjung/phpspace/smartjen-test/app/Config/Routes.php(43): CodeIgniter\Router\RouteCollection->resource('file', 'File')
#1 /Users/faridtanjung/phpspace/smartjen-test/system/Router/RouteCollection.php(751): CodeIgniter\CodeIgniter->Config\{closure}(Object(CodeIgniter\Router\RouteCollection))
#2 /Users/faridtanjung/phpspace/smartjen-test/app/Config/Routes.php(44): CodeIgniter\Router\RouteCollection->group('api', Array, Object(Closure))
#3 /Users/faridtanjung/phpspace/smartjen-test/system/CodeIgniter.php(780): require('/Users/faridtan...')
#4 /Users/faridtanjung/phpspace/smartjen-test/system/CodeIgniter.php(364): CodeIgniter\CodeIgniter->tryToRouteIt(Object(CodeIgniter\Router\RouteCollection))
#5 /Users/faridtanjung/phpspace/smartjen-test/system/CodeIgniter.php(312): CodeIgniter\CodeIgniter->handleRequest(NULL, Object(Config\Cache), false)
#6 /Users/faridtanjung/phpspace/smartjen-test/public/index.php(45): CodeIgniter\CodeIgniter->run()
#7 /Users/faridtanjung/phpspace/smartjen-test/system/Commands/Server/rewrite.php(34): require_once('/Users/faridtan...')
#8 {main}
CRITICAL - 2021-02-09 01:38:20 --> Class 'Libraries\FPDF' not found
#0 /Users/faridtanjung/phpspace/smartjen-test/system/CodeIgniter.php(918): App\Controllers\Api\File->extract()
#1 /Users/faridtanjung/phpspace/smartjen-test/system/CodeIgniter.php(404): CodeIgniter\CodeIgniter->runController(Object(App\Controllers\Api\File))
#2 /Users/faridtanjung/phpspace/smartjen-test/system/CodeIgniter.php(312): CodeIgniter\CodeIgniter->handleRequest(NULL, Object(Config\Cache), false)
#3 /Users/faridtanjung/phpspace/smartjen-test/public/index.php(45): CodeIgniter\CodeIgniter->run()
#4 /Users/faridtanjung/phpspace/smartjen-test/system/Commands/Server/rewrite.php(34): require_once('/Users/faridtan...')
#5 {main}
CRITICAL - 2021-02-09 01:38:39 --> Class 'App\Libraries\FPDF' not found
#0 /Users/faridtanjung/phpspace/smartjen-test/system/CodeIgniter.php(918): App\Controllers\Api\File->extract()
#1 /Users/faridtanjung/phpspace/smartjen-test/system/CodeIgniter.php(404): CodeIgniter\CodeIgniter->runController(Object(App\Controllers\Api\File))
#2 /Users/faridtanjung/phpspace/smartjen-test/system/CodeIgniter.php(312): CodeIgniter\CodeIgniter->handleRequest(NULL, Object(Config\Cache), false)
#3 /Users/faridtanjung/phpspace/smartjen-test/public/index.php(45): CodeIgniter\CodeIgniter->run()
#4 /Users/faridtanjung/phpspace/smartjen-test/system/Commands/Server/rewrite.php(34): require_once('/Users/faridtan...')
#5 {main}
CRITICAL - 2021-02-09 01:39:01 --> Class 'App\Libraries\fpdf' not found
#0 /Users/faridtanjung/phpspace/smartjen-test/system/CodeIgniter.php(918): App\Controllers\Api\File->extract()
#1 /Users/faridtanjung/phpspace/smartjen-test/system/CodeIgniter.php(404): CodeIgniter\CodeIgniter->runController(Object(App\Controllers\Api\File))
#2 /Users/faridtanjung/phpspace/smartjen-test/system/CodeIgniter.php(312): CodeIgniter\CodeIgniter->handleRequest(NULL, Object(Config\Cache), false)
#3 /Users/faridtanjung/phpspace/smartjen-test/public/index.php(45): CodeIgniter\CodeIgniter->run()
#4 /Users/faridtanjung/phpspace/smartjen-test/system/Commands/Server/rewrite.php(34): require_once('/Users/faridtan...')
#5 {main}
CRITICAL - 2021-02-09 01:39:25 --> Class 'App\Libraries\FPDF' not found
#0 /Users/faridtanjung/phpspace/smartjen-test/system/CodeIgniter.php(918): App\Controllers\Api\File->extract()
#1 /Users/faridtanjung/phpspace/smartjen-test/system/CodeIgniter.php(404): CodeIgniter\CodeIgniter->runController(Object(App\Controllers\Api\File))
#2 /Users/faridtanjung/phpspace/smartjen-test/system/CodeIgniter.php(312): CodeIgniter\CodeIgniter->handleRequest(NULL, Object(Config\Cache), false)
#3 /Users/faridtanjung/phpspace/smartjen-test/public/index.php(45): CodeIgniter\CodeIgniter->run()
#4 /Users/faridtanjung/phpspace/smartjen-test/system/Commands/Server/rewrite.php(34): require_once('/Users/faridtan...')
#5 {main}
CRITICAL - 2021-02-09 01:40:23 --> Undefined property: App\Libraries\FPDF::$output
#0 /Users/faridtanjung/phpspace/smartjen-test/app/Controllers/Api/File.php(32): CodeIgniter\Debug\Exceptions->errorHandler(8, 'Undefined prope...', '/Users/faridtan...', 32, Array)
#1 /Users/faridtanjung/phpspace/smartjen-test/system/CodeIgniter.php(918): App\Controllers\Api\File->extract()
#2 /Users/faridtanjung/phpspace/smartjen-test/system/CodeIgniter.php(404): CodeIgniter\CodeIgniter->runController(Object(App\Controllers\Api\File))
#3 /Users/faridtanjung/phpspace/smartjen-test/system/CodeIgniter.php(312): CodeIgniter\CodeIgniter->handleRequest(NULL, Object(Config\Cache), false)
#4 /Users/faridtanjung/phpspace/smartjen-test/public/index.php(45): CodeIgniter\CodeIgniter->run()
#5 /Users/faridtanjung/phpspace/smartjen-test/system/Commands/Server/rewrite.php(34): require_once('/Users/faridtan...')
#6 {main}
CRITICAL - 2021-02-09 01:41:56 --> Undefined property: App\Libraries\FPDF::$output
#0 /Users/faridtanjung/phpspace/smartjen-test/app/Controllers/Api/File.php(32): CodeIgniter\Debug\Exceptions->errorHandler(8, 'Undefined prope...', '/Users/faridtan...', 32, Array)
#1 /Users/faridtanjung/phpspace/smartjen-test/system/CodeIgniter.php(918): App\Controllers\Api\File->extract()
#2 /Users/faridtanjung/phpspace/smartjen-test/system/CodeIgniter.php(404): CodeIgniter\CodeIgniter->runController(Object(App\Controllers\Api\File))
#3 /Users/faridtanjung/phpspace/smartjen-test/system/CodeIgniter.php(312): CodeIgniter\CodeIgniter->handleRequest(NULL, Object(Config\Cache), false)
#4 /Users/faridtanjung/phpspace/smartjen-test/public/index.php(45): CodeIgniter\CodeIgniter->run()
#5 /Users/faridtanjung/phpspace/smartjen-test/system/Commands/Server/rewrite.php(34): require_once('/Users/faridtan...')
#6 {main}
CRITICAL - 2021-02-09 01:43:16 --> Undefined property: App\Libraries\FPDF::$output
#0 /Users/faridtanjung/phpspace/smartjen-test/app/Controllers/Api/File.php(32): CodeIgniter\Debug\Exceptions->errorHandler(8, 'Undefined prope...', '/Users/faridtan...', 32, Array)
#1 /Users/faridtanjung/phpspace/smartjen-test/system/CodeIgniter.php(918): App\Controllers\Api\File->extract()
#2 /Users/faridtanjung/phpspace/smartjen-test/system/CodeIgniter.php(404): CodeIgniter\CodeIgniter->runController(Object(App\Controllers\Api\File))
#3 /Users/faridtanjung/phpspace/smartjen-test/system/CodeIgniter.php(312): CodeIgniter\CodeIgniter->handleRequest(NULL, Object(Config\Cache), false)
#4 /Users/faridtanjung/phpspace/smartjen-test/public/index.php(45): CodeIgniter\CodeIgniter->run()
#5 /Users/faridtanjung/phpspace/smartjen-test/system/Commands/Server/rewrite.php(34): require_once('/Users/faridtan...')
#6 {main}
CRITICAL - 2021-02-09 01:48:30 --> Undefined property: App\Libraries\FPDF::$output
#0 /Users/faridtanjung/phpspace/smartjen-test/app/Controllers/Api/File.php(32): CodeIgniter\Debug\Exceptions->errorHandler(8, 'Undefined prope...', '/Users/faridtan...', 32, Array)
#1 /Users/faridtanjung/phpspace/smartjen-test/system/CodeIgniter.php(918): App\Controllers\Api\File->extract()
#2 /Users/faridtanjung/phpspace/smartjen-test/system/CodeIgniter.php(404): CodeIgniter\CodeIgniter->runController(Object(App\Controllers\Api\File))
#3 /Users/faridtanjung/phpspace/smartjen-test/system/CodeIgniter.php(312): CodeIgniter\CodeIgniter->handleRequest(NULL, Object(Config\Cache), false)
#4 /Users/faridtanjung/phpspace/smartjen-test/public/index.php(45): CodeIgniter\CodeIgniter->run()
#5 /Users/faridtanjung/phpspace/smartjen-test/system/Commands/Server/rewrite.php(34): require_once('/Users/faridtan...')
#6 {main}
CRITICAL - 2021-02-09 01:48:59 --> Class 'App\Libraries\Exception' not found
#0 /Users/faridtanjung/phpspace/smartjen-test/app/Libraries/FPDF.php(1447): App\Libraries\FPDF->Error('No page has bee...')
#1 /Users/faridtanjung/phpspace/smartjen-test/app/Libraries/FPDF.php(444): App\Libraries\FPDF->_out('243.78 603.78 1...')
#2 /Users/faridtanjung/phpspace/smartjen-test/app/Controllers/Api/File.php(33): App\Libraries\FPDF->Rect('86', '84', 511, 299)
#3 /Users/faridtanjung/phpspace/smartjen-test/system/CodeIgniter.php(918): App\Controllers\Api\File->extract()
#4 /Users/faridtanjung/phpspace/smartjen-test/system/CodeIgniter.php(404): CodeIgniter\CodeIgniter->runController(Object(App\Controllers\Api\File))
#5 /Users/faridtanjung/phpspace/smartjen-test/system/CodeIgniter.php(312): CodeIgniter\CodeIgniter->handleRequest(NULL, Object(Config\Cache), false)
#6 /Users/faridtanjung/phpspace/smartjen-test/public/index.php(45): CodeIgniter\CodeIgniter->run()
#7 /Users/faridtanjung/phpspace/smartjen-test/system/Commands/Server/rewrite.php(34): require_once('/Users/faridtan...')
#8 {main}
CRITICAL - 2021-02-09 02:07:10 --> Class 'App\Libraries\Exception' not found
#0 /Users/faridtanjung/phpspace/smartjen-test/app/Libraries/FPDF.php(1447): App\Libraries\FPDF->Error('No page has bee...')
#1 /Users/faridtanjung/phpspace/smartjen-test/app/Libraries/FPDF.php(444): App\Libraries\FPDF->_out('124.72 564.09 1...')
#2 /Users/faridtanjung/phpspace/smartjen-test/app/Controllers/Api/File.php(33): App\Libraries\FPDF->Rect('44', '98', 554, 296)
#3 /Users/faridtanjung/phpspace/smartjen-test/system/CodeIgniter.php(918): App\Controllers\Api\File->extract()
#4 /Users/faridtanjung/phpspace/smartjen-test/system/CodeIgniter.php(404): CodeIgniter\CodeIgniter->runController(Object(App\Controllers\Api\File))
#5 /Users/faridtanjung/phpspace/smartjen-test/system/CodeIgniter.php(312): CodeIgniter\CodeIgniter->handleRequest(NULL, Object(Config\Cache), false)
#6 /Users/faridtanjung/phpspace/smartjen-test/public/index.php(45): CodeIgniter\CodeIgniter->run()
#7 /Users/faridtanjung/phpspace/smartjen-test/system/Commands/Server/rewrite.php(34): require_once('/Users/faridtan...')
#8 {main}
